




  ==============================================================

GPS-v2 потестить в браузерах; подстроить под другие страницы
	сверстать еще 3 страницы
	пройтись по всем css файлам, поисправлять вложения в классы /.страница/.модуль||uniq-module-item-name/%наш селектор%
	fonts:
		MyriadProRegular
		body: font-family: "Helvetica Neue", Helvetica, Roboto, Arial, sans-serif;

  2016-09-01: пока это всё не сделано.

  ==============================================================

2016-08-~~29
  Отправлено Руслану:
  terms
  cost
  callback
  nearest
  schedule
  single-service
  news
  single news
  contacts
  - - -
  к отправке:
  	о компании
  	онлайн_инструменты-_-вызов-курьера
  	услуги и тарифы
  	Главная.jpg

  ==============================================================


  /// колонны белого фона? блоки как будут здесь плавать, как в макете или как делать?
4all > > > для всех inputов проставить type="text", чтоб кнопка очистить работала. Тоже и для select-ов;


++++++++++++++++
09 ближайшее-отделение.jpg
10 график-работы-отделений.jpg
08 сроки-доставки.jpg			/// колонны белого фона?
07 стоимость-доставки.jpg

06 контакты.jpg
05.1 новость.jpg				/// колонны белого фона?
11 заказать звонок.jpg
0 меню.jpg
04.1 услуга.jpg
05 новости.jpg


http://static.ucttest.in.ua/gps-v2/page-about.html
http://static.ucttest.in.ua/gps-v2/page-content.html
http://static.ucttest.in.ua/gps-v2/page-services-prices.html

http://static.ucttest.in.ua/gps-v2/page-tools.html

- form.form-content - удалить лишние классы, которые не исаользуются
центрировать кнопки для мобильных


сделать менрюшку таблетную на десктопе, т.е. ужать десктопную тоже

==============================================================

GPS особенности переверстывания

    не на главной есть есть особеность справа сверху выг
    езды нет на второстепенных стр
    на остальных страницах анимаций ебанных быть не должно;
    когда фон наездает на контент - всё делаем фоном
    страница новости, когда меню сворачивается боковое, контент центрируем
    1й этап: уходит bg,
    2q - уходит меню
    форма 
